<?xml version="1.0" encoding="UTF-8"?>
<testsuite name="gameTest.examples.AssetExistsExampleTest" tests="1" skipped="0" failures="0" errors="0" timestamp="2022-03-25T18:11:08" hostname="DESKTOP-I9FV43E" time="0.003">
  <properties/>
  <testcase name="badlogicLogoFileExists" classname="gameTest.examples.AssetExistsExampleTest" time="0.003"/>
  <system-out><![CDATA[]]></system-out>
  <system-err><![CDATA[]]></system-err>
</testsuite>
